<!DOCTYPE html>
<html>
<head>
<meta charset="UTF-8" />
<meta name="renderer" content="webkit">
<title>
gdb命令_Linux gdb 命令用法详解：功能强大的程序调试器</title>
<link rel="shortcut icon" href="http://man.linuxde.net/favicon.ico" type="image/x-icon" />
<link rel="pingback" href="http://man.linuxde.net/xmlrpc.php" />
<link href="http://112.124.15.130/res/linuxde_man/style.css" rel="stylesheet" type="text/css">
<script type="text/javascript" src="http://112.124.15.130/res/linuxde_man/js/jquery-1.8.3.min.js"></script>
<!--[if IE 6]>
<script src="http://112.124.15.130/res/linuxde_man/js/belatedPNG.js"></script>
<script>DD_belatedPNG.fix('*');</script>
<script src="http://letskillie6.googlecode.com/svn/trunk/letskillie6.zh_CN.pack.js"></script>
<![endif]-->
<link rel='canonical' href='http://man.linuxde.net/gdb' />
</head>
<body>
<noscript>
<p class="nojs">您的浏览器已经禁用了脚本，这会严重影响您正常使用本站的功能，请开启！</p>
</noscript>
<div class="man_linuxde_net_page">
<div class="layout_hd">
    <div class="logo l">
        <h2><a title="Linux命令大全" href="http://man.linuxde.net/">
            Linux命令大全            </a></h2>
    </div>
    <div class="nav r"><ul id="menu-%e8%8f%9c%e5%8d%951" class="menu"><li id="menu-item-4" class="menu-item menu-item-type-custom menu-item-object-custom menu-item-home menu-item-4"><a href="http://man.linuxde.net/">首页搜索</a></li>
<li id="menu-item-6" class="menu-item menu-item-type-taxonomy menu-item-object-category menu-item-6"><a href="http://man.linuxde.net/par/2">系统管理</a></li>
<li id="menu-item-7" class="menu-item menu-item-type-taxonomy menu-item-object-category menu-item-7"><a href="http://man.linuxde.net/par/5">网络管理</a></li>
<li id="menu-item-8" class="menu-item menu-item-type-taxonomy menu-item-object-category current-post-ancestor current-menu-parent current-post-parent menu-item-8"><a href="http://man.linuxde.net/par/4">软件·打印·开发·工具</a></li>
<li id="menu-item-9" class="menu-item menu-item-type-taxonomy menu-item-object-category menu-item-9"><a href="http://man.linuxde.net/par/1">文件和目录管理</a></li>
<li id="menu-item-10" class="menu-item menu-item-type-taxonomy menu-item-object-category menu-item-10"><a href="http://man.linuxde.net/par/3">硬件·内核·Shell·监测</a></li>
<li id="menu-item-2096" class="menu-item menu-item-type-custom menu-item-object-custom menu-item-2096"><a target="_blank" href="http://www.linuxde.net">Linux Today</a></li>
</ul></div>    <div class="c"></div>
</div>
<div class="layout layout_bd">
<script type='text/javascript'>
function addLink() {
    var body_element = document.getElementsByTagName('body')[0];
    var selection;
    selection = window.getSelection();
    var pagelink = "<br /><br /> 来自: <a href='"+document.location.href+"'>"+document.location.href+"</a>"; 
    var copy_text = selection + pagelink;
    var new_div = document.createElement('div');
    new_div.style.left='-99999px';
    new_div.style.position='absolute';
    body_element.appendChild(new_div );
    new_div.innerHTML = copy_text ;
    selection.selectAllChildren(new_div );
    window.setTimeout(function() {
        body_element.removeChild(new_div );
    },0);
}
document.oncopy = addLink;
</script>
<div class="single_default">
        <div class="main">
        <div class="breadcrumb">当前位置：<a href="http://man.linuxde.net">首页</a> &raquo; <a href="http://man.linuxde.net/par/4" rel="category tag">软件·打印·开发·工具</a> &raquo; gdb</div>
        <div class="post_hd clearfix">
            <h1 class="l">gdb命令</h1>
            <div class="tag f_yh r">
                <a href="http://man.linuxde.net/sub/%e7%bc%96%e7%a8%8b%e5%bc%80%e5%8f%91" rel="tag">编程开发</a>            </div>
        </div>
        <div class="post_bd post">
            <p>
	<strong>gdb命令</strong>包含在GNU的<span class='wp_keywordlink'><a href="http://man.linuxde.net/gcc" title="gcc命令" target="_blank">gcc</a></span>开发套件中，是功能强大的程序调试器。GDB中的命令固然很多，但我们只需掌握其中十个左右的命令，就大致可以完成日常的基本的程序调试工作。
</p>
<table border="0" cellpadding="0" cellspacing="0">
<tbody>
<tr>
<th>
				命令
			</th>
<th>
				解释
			</th>
<th>
				示例
			</th>
</tr>
<tr>
<td>
				<span class='wp_keywordlink'><a href="http://man.linuxde.net/file" title="file命令" target="_blank">file</a></span> &lt;文件名&gt;
			</td>
<td>
				加载被调试的可执行程序文件。<br />
				因为一般都在被调试程序所在目录下执行GDB，因而文本名不需要带路径。
			</td>
<td>
				(gdb) file gdb-sample
			</td>
</tr>
<tr>
<td>
				r
			</td>
<td>
				Run的简写，运行被调试的程序。<br />
				如果此前没有下过断点，则执行完整个程序；如果有断点，则程序暂停在第一个可用断点处。
			</td>
<td>
				(gdb) r
			</td>
</tr>
<tr>
<td>
				c
			</td>
<td>
				Continue的简写，继续执行被调试程序，直至下一个断点或程序结束。
			</td>
<td>
				(gdb) c
			</td>
</tr>
<tr>
<td>
				b &lt;行号&gt;<br />
				b &lt;函数名称&gt;<br />
				b *&lt;函数名称&gt;<br />
				b *&lt;代码地址&gt; d [编号]
			</td>
<td>
				b: Breakpoint的简写，设置断点。两可以使用&ldquo;行号&rdquo;&ldquo;函数名称&rdquo;&ldquo;执行地址&rdquo;等方式指定断点位置。<br />
				其中在函数名称前面加&ldquo;*&rdquo;符号表示将断点设置在&ldquo;由编译器生成的prolog代码处&rdquo;。如果不了解汇编，可以不予理会此用法。 d: Delete breakpoint的简写，删除指定编号的某个断点，或删除所有断点。断点编号从1开始递增。
			</td>
<td>
				(gdb) b 8<br />
				(gdb) b main<br />
				(gdb) b *main<br />
				(gdb) b *0x804835c (gdb) d
			</td>
</tr>
<tr>
<td>
				s, n
			</td>
<td>
				s: 执行一行源程序代码，如果此行代码中有函数调用，则进入该函数；<br />
				n: 执行一行源程序代码，此行代码中的函数调用也一并执行。 s 相当于其它调试器中的&ldquo;Step Into (单步跟踪进入)&rdquo;；<br />
				n 相当于其它调试器中的&ldquo;Step Over (单步跟踪)&rdquo;。 这两个命令必须在有源代码调试信息的情况下才可以使用（GCC编译时使用&ldquo;-g&rdquo;参数）。
			</td>
<td>
				(gdb) s<br />
				(gdb) n
			</td>
</tr>
<tr>
<td>
				si, ni
			</td>
<td>
				si命令类似于s命令，ni命令类似于n命令。所不同的是，这两个命令（si/ni）所针对的是汇编指令，而s/n针对的是源代码。
			</td>
<td>
				(gdb) si<br />
				(gdb) ni
			</td>
</tr>
<tr>
<td>
				p &lt;变量名称&gt;
			</td>
<td>
				Print的简写，显示指定变量（临时变量或全局变量）的值。
			</td>
<td>
				(gdb) p i<br />
				(gdb) p nGlobalVar
			</td>
</tr>
<tr>
<td>
				display ... undisplay &lt;编号&gt;
			</td>
<td>
				display，设置程序中断后欲显示的数据及其格式。<br />
				例如，如果希望每次程序中断后可以看到即将被执行的下一条汇编指令，可以使用命令<br />
				&ldquo;display /i $pc&rdquo;<br />
				其中 $pc 代表当前汇编指令，/i 表示以十六进行显示。当需要关心汇编代码时，此命令相当有用。 undispaly，取消先前的display设置，编号从1开始递增。
			</td>
<td>
				(gdb) display /i $pc (gdb) undisplay 1
			</td>
</tr>
<tr>
<td>
				i
			</td>
<td>
				<span class='wp_keywordlink'><a href="http://man.linuxde.net/info" title="info命令" target="_blank">info</a></span>的简写，用于显示各类信息，详情请查阅&ldquo;<span class='wp_keywordlink'><a href="http://man.linuxde.net/help" title="help命令" target="_blank">help</a></span> i&rdquo;。
			</td>
<td>
				(gdb) i r
			</td>
</tr>
<tr>
<td>
				q
			</td>
<td>
				Quit的简写，退出GDB调试环境。
			</td>
<td>
				(gdb) q
			</td>
</tr>
<tr>
<td>
				help [命令名称]
			</td>
<td>
				GDB帮助命令，提供对GDB名种命令的解释说明。<br />
				如果指定了&ldquo;命令名称&rdquo;参数，则显示该命令的详细说明；如果没有指定参数，则分类显示所有GDB命令，供用户进一步浏览和查询。
			</td>
<td>
				(gdb) help
			</td>
</tr>
</tbody>
</table>
<h3>
	语法<br />
</h3>
<pre>
gdb(选项)(参数)</pre>
<h3>
	选项<br />
</h3>
<pre>
-<span class='wp_keywordlink'><a href="http://man.linuxde.net/cd" title="cd命令" target="_blank">cd</a></span>：设置工作目录；
-q：安静模式，不打印介绍信息和版本信息；
-d：添加文件查找路径；
-x：从指定文件中执行GDB指令；
-s：设置读取的符号表文件。</pre>
<h3>
	参数<br />
</h3>
<p>
	文件：二进制可执行程序。
</p>
<h3>
	实例<br />
</h3>
<p>
	以下是linux下dgb调试的一个实例，先给出一个示例用的小程序，C语言代码：
</p>
<pre>
#include &lt;stdio.h&gt;
int nGlobalVar = 0;

int tempFunction(int a, int b)
{
    <span class='wp_keywordlink'><a href="http://man.linuxde.net/printf" title="printf命令" target="_blank">printf</a></span>(&quot;tempFunction is called, a = %d, b = %d /n&quot;, a, b);
    return (a + b);
}

int main()
{
    int n;
        n = 1;
        n++;
        n--;

        nGlobalVar += 100;
        nGlobalVar -= 12;

    printf(&quot;n = %d, nGlobalVar = %d /n&quot;, n, nGlobalVar);

        n = tempFunction(1, 2);
    printf(&quot;n = %d&quot;, n);

    return 0;
}</pre>
<p>
	请将此代码复制出来并保存到文件 gdb-sample.c 中，然后切换到此文件所在目录，用GCC编译之：
</p>
<pre>
gcc gdb-sample.c -o gdb-sample -g</pre>
<p>
	在上面的命令行中，使用 -o 参数指定了编译生成的可执行文件名为 gdb-sample，使用参数 -g 表示将源代码信息编译到可执行文件中。如果不使用参数 -g，会给后面的GDB调试造成不便。当然，如果我们没有程序的源代码，自然也无从使用 -g 参数，调试/跟踪时也只能是汇编代码级别的调试/跟踪。
</p>
<p>
	下面&ldquo;gdb&rdquo;命令启动GDB，将首先显示GDB说明，不管它：
</p>
<pre>
GNU gdb Red Hat Linux (5.3post-0.20021129.18rh)
Copyright 2003 <span class='wp_keywordlink'><a href="http://man.linuxde.net/free" title="free命令" target="_blank">free</a></span> Software Foundation, Inc.
GDB is free software, covered by the GNU General Public License, and you are
welcome to change it and/or distribute copies of it under certain conditions.
<span class='wp_keywordlink'><a href="http://man.linuxde.net/type" title="type命令" target="_blank">type</a></span> &quot;show copying&quot; to see the conditions.
There is absolutely no warranty for GDB. Type &quot;show warranty&quot; for details.
This GDB was configured <span class='wp_keywordlink'><a href="http://man.linuxde.net/as" title="as命令" target="_blank">as</a></span> &quot;i386-redhat-linux-gnu&quot;.
(gdb)</pre>
<p>
	上面最后一行&ldquo;(gdb)&rdquo;为GDB内部命令引导符，等待用户输入GDB命令。
</p>
<p>
	下面使用&ldquo;file&rdquo;命令载入被调试程序 gdb-sample（这里的 gdb-sample 即前面 GCC 编译输出的可执行文件）：
</p>
<pre>
(gdb) file gdb-sample
Reading symbols from gdb-sample...done.</pre>
<p>
	上面最后一行提示已经加载成功。
</p>
<p>
	下面使用&ldquo;r&rdquo;命令执行（Run）被调试文件，因为尚未设置任何断点，将直接执行到程序结束：
</p>
<pre>
(gdb) r
Starting program: /home/liigo/temp/test_jmp/test_jmp/gdb-sample
n = 1, nGlobalVar = 88
tempFunction is called, a = 1, b = 2
n = 3
Program exited normally.</pre>
<p>
	下面使用&ldquo;b&rdquo;命令在 main 函数开头设置一个断点（Breakpoint）：
</p>
<pre>
(gdb) b main
Breakpoint 1 <span class='wp_keywordlink'><a href="http://man.linuxde.net/at" title="at命令" target="_blank">at</a></span> 0x804835c: file gdb-sample.c, line 19.</pre>
<p>
	上面最后一行提示已经成功设置断点，并给出了该断点信息：在源文件 gdb-sample.c 第19行处设置断点；这是本程序的第一个断点（序号为1）；断点处的代码地址为 0x804835c（此值可能仅在本次调试过程中有效）。回过头去看源代码，第19行中的代码为&ldquo;n = 1&rdquo;，恰好是 main 函数中的第一个可执行语句（前面的&ldquo;int n;&rdquo;为变量定义语句，并非可执行语句）。
</p>
<p>
	再次使用&ldquo;r&rdquo;命令执行（Run）被调试程序：
</p>
<pre>
(gdb) r
Starting program: /home/liigo/temp/gdb-sample

Breakpoint 1, main () at gdb-sample.c:19
19 n = 1;</pre>
<p>
	程序中断在gdb-sample.c第19行处，即main函数是第一个可执行语句处。
</p>
<p>
	上面最后一行信息为：下一条将要执行的源代码为&ldquo;n = 1;&rdquo;，它是源代码文件gdb-sample.c中的第19行。
</p>
<p>
	下面使用&ldquo;s&rdquo;命令（Step）执行下一行代码（即第19行&ldquo;n = 1;&rdquo;）：
</p>
<pre>
(gdb) s
20 n++;</pre>
<p>
	上面的信息表示已经执行完&ldquo;n = 1;&rdquo;，并显示下一条要执行的代码为第20行的&ldquo;n++;&rdquo;。
</p>
<p>
	既然已经执行了&ldquo;n = 1;&rdquo;，即给变量 n 赋值为 1，那我们用&ldquo;p&rdquo;命令（Print）看一下变量 n 的值是不是 1 ：
</p>
<pre>
(gdb) p n
$1 = 1</pre>
<p>
	果然是 1。（$1大致是表示这是第一次使用&ldquo;p&rdquo;命令&mdash;&mdash;再次执行&ldquo;p n&rdquo;将显示&ldquo;$2 = 1&rdquo;&mdash;&mdash;此信息应该没有什么用处。）
</p>
<p>
	下面我们分别在第26行、tempFunction 函数开头各设置一个断点（分别使用命令&ldquo;b 26&rdquo;&ldquo;b tempFunction&rdquo;）：
</p>
<pre>
(gdb) b 26
Breakpoint 2 at 0x804837b: file gdb-sample.c, line 26.
(gdb) b tempFunction
Breakpoint 3 at 0x804832e: file gdb-sample.c, line 12.</pre>
<p>
	使用&ldquo;c&rdquo;命令继续（Continue）执行被调试程序，程序将中断在第二 个断点（26行），此时全局变量 nGlobalVar 的值应该是 88；再一次执行&ldquo;c&rdquo;命令，程序将中断于第三个断点（12行，tempFunction 函数开头处），此时tempFunction 函数的两个参数 a、b 的值应分别是 1 和 2：
</p>
<pre>
(gdb) c
Continuing.

Breakpoint 2, main () at gdb-sample.c:26
26 printf(&quot;n = %d, nGlobalVar = %d /n&quot;, n, nGlobalVar);
(gdb) p nGlobalVar
$2 = 88
(gdb) c
Continuing.
n = 1, nGlobalVar = 88

Breakpoint 3, tempFunction (a=1, b=2) at gdb-sample.c:12
12 printf(&quot;tempFunction is called, a = %d, b = %d /n&quot;, a, b);
(gdb) p a
$3 = 1
(gdb) p b
$4 = 2</pre>
<p>
	上面反馈的信息一切都在我们预料之中~~
</p>
<p>
	再一次执行&ldquo;c&rdquo;命令（Continue），因为后面再也没有其它断点，程序将一直执行到结束：
</p>
<pre>
(gdb) c
Continuing.
tempFunction is called, a = 1, b = 2
n = 3
Program exited normally.</pre>
<p>
	有时候需要看到编译器生成的汇编代码，以进行汇编级的调试或跟踪，又该如何操作呢？
</p>
<p>
	这就要用到display命令&ldquo;display /i $pc&rdquo;了（此命令前面已有详细解释）：
</p>
<pre>
(gdb) display /i $pc
(gdb)</pre>
<p>
	此后程序再中断时，就可以显示出汇编代码了：
</p>
<pre>
(gdb) r
Starting program: /home/liigo/temp/test_jmp/test_jmp/gdb-sample

Breakpoint 1, main () at gdb-sample.c:19
19 n = 1;
1: x/i $pc 0x804835c &lt;main+16&gt;: movl $0x1,0xfffffffc(%ebp)</pre>
<p>
	看到了汇编代码，&ldquo;n = 1;&rdquo;对应的汇编代码是&ldquo;movl $0x1,0xfffffffc(%ebp)&rdquo;。
</p>
<p>
	并且以后程序每次中断都将显示下一条汇编指定（&ldquo;si&rdquo;命令用于执行一条汇编代码&mdash;&mdash;区别于&ldquo;s&rdquo;执行一行C代码）：
</p>
<pre>
(gdb) si
20 n++;
1: x/i $pc 0x8048363 &lt;main+23&gt;: lea 0xfffffffc(%ebp),%eax
(gdb) si
0x08048366 20 n++;
1: x/i $pc 0x8048366 &lt;main+26&gt;: incl (%eax)
(gdb) si
21 n--;
1: x/i $pc 0x8048368 &lt;main+28&gt;: lea 0xfffffffc(%ebp),%eax
(gdb) si
0x0804836b 21 n--;
1: x/i $pc 0x804836b &lt;main+31&gt;: decl (%eax)
(gdb) si
23 nGlobalVar += 100;
1: x/i $pc 0x804836d &lt;main+33&gt;: addl $0x64,0x80494fc</pre>
<p>
	接下来我们试一下命令&ldquo;b *&lt;函数名称&gt;&rdquo;。
</p>
<p>
	为了更简明，有必要先删除目前所有断点（使用&ldquo;d&rdquo;命令&mdash;&mdash;Delete breakpoint）：
</p>
<pre>
(gdb) d
Delete all breakpoints? (y or n) y
(gdb)</pre>
<p>
	当被询问是否删除所有断点时，输入&ldquo;y&rdquo;并按回车键即可。
</p>
<p>
	下面使用命令&ldquo;b *main&rdquo;在 main 函数的 prolog 代码处设置断点（prolog、epilog，分别表示编译器在每个函数的开头和结尾自行插入的代码）：
</p>
<pre>
(gdb) b *main
Breakpoint 4 at 0x804834c: file gdb-sample.c, line 17.
(gdb) r
The program being debugged has been started already.
Start it from the beginning? (y or n) y
Starting program: /home/liigo/temp/test_jmp/test_jmp/gdb-sample

Breakpoint 4, main () at gdb-sample.c:17
17 {
1: x/i $pc 0x804834c &lt;main&gt;: push %ebp
(gdb) si
0x0804834d 17 {
1: x/i $pc 0x804834d &lt;main+1&gt;: mov %esp,%ebp
(gdb) si
0x0804834f in main () at gdb-sample.c:17
17 {
1: x/i $pc 0x804834f &lt;main+3&gt;: sub $0x8,%esp
(gdb) si
0x08048352 17 {
1: x/i $pc 0x8048352 &lt;main+6&gt;: and $0xfffffff0,%esp
(gdb) si
0x08048355 17 {
1: x/i $pc 0x8048355 &lt;main+9&gt;: mov $0x0,%eax
(gdb) si
0x0804835a 17 {
1: x/i $pc 0x804835a &lt;main+14&gt;: sub %eax,%esp
(gdb) si
19 n = 1;
1: x/i $pc 0x804835c &lt;main+16&gt;: movl $0x1,0xfffffffc(%ebp)</pre>
<p>
	此时可以使用&ldquo;i r&rdquo;命令显示寄存器中的当前值&mdash;&mdash;&mdash;&ldquo;i r&rdquo;即&ldquo;Infomation Register&rdquo;：
</p>
<pre>
(gdb) i r
eax 0xbffff6a4 -1073744220
ecx 0x42015554 1107383636
edx 0x40016bc8 1073834952
ebx 0x42130a14 1108544020
esp 0xbffff6a0 0xbffff6a0
ebp 0xbffff6a8 0xbffff6a8
esi 0x40015360 1073828704
edi 0x80483f0 134513648
eip 0x8048366 0x8048366
eflags 0x386 902
cs 0x23 35
<span class='wp_keywordlink'><a href="http://man.linuxde.net/ss" title="ss命令" target="_blank">ss</a></span> 0x2b 43
ds 0x2b 43
es 0x2b 43
fs 0x0 0
gs 0x33 51</pre>
<p>
	当然也可以显示任意一个指定的寄存器值：
</p>
<pre>
(gdb) i r eax
eax 0xbffff6a4 -1073744220</pre>
<p>
	最后一个要介绍的命令是&ldquo;q&rdquo;，退出（Quit）GDB调试环境：
</p>
<pre>
(gdb) q
The program is running. <span class='wp_keywordlink'><a href="http://man.linuxde.net/exit" title="exit命令" target="_blank">exit</a></span> anyway? (y or n)</pre>
        </div>
        <div class="post_ft">
            <div class="title">最近更新的命令</div>
            <ul>
                <li><a href="http://man.linuxde.net/cut" title="cut">cut</a></li><li><a href="http://man.linuxde.net/sh" title="sh">sh</a></li><li><a href="http://man.linuxde.net/seq" title="seq">seq</a></li><li><a href="http://man.linuxde.net/awk" title="awk">awk</a></li><li><a href="http://man.linuxde.net/syslog" title="syslog">syslog</a></li><li><a href="http://man.linuxde.net/inotifywait" title="inotifywait">inotifywait</a></li><li><a href="http://man.linuxde.net/dd" title="dd">dd</a></li><li><a href="http://man.linuxde.net/read" title="read">read</a></li><li><a href="http://man.linuxde.net/uname" title="uname">uname</a></li><li><a href="http://man.linuxde.net/pssh" title="pssh">pssh</a></li><li><a href="http://man.linuxde.net/tar" title="tar">tar</a></li><li><a href="http://man.linuxde.net/axel" title="axel">axel</a></li><li><a href="http://man.linuxde.net/losetup" title="losetup">losetup</a></li><li><a href="http://man.linuxde.net/lsb_release" title="lsb_release">lsb_release</a></li><li><a href="http://man.linuxde.net/tcpreplay" title="tcpreplay">tcpreplay</a></li><li><a href="http://man.linuxde.net/strings" title="strings">strings</a></li><li><a href="http://man.linuxde.net/screen" title="screen">screen</a></li><li><a href="http://man.linuxde.net/speedtest-cli" title="speedtest-cli">speedtest-cli</a></li><li><a href="http://man.linuxde.net/clockdiff" title="clockdiff">clockdiff</a></li><li><a href="http://man.linuxde.net/ntpdate" title="ntpdate">ntpdate</a></li><li><a href="http://man.linuxde.net/dnf" title="dnf">dnf</a></li><li><a href="http://man.linuxde.net/nethogs" title="nethogs">nethogs</a></li><li><a href="http://man.linuxde.net/hping3" title="hping3">hping3</a></li><li><a href="http://man.linuxde.net/trap" title="trap">trap</a></li><li><a href="http://man.linuxde.net/let" title="let">let</a></li><li><a href="http://man.linuxde.net/ifstat" title="ifstat">ifstat</a></li><li><a href="http://man.linuxde.net/blkid" title="blkid">blkid</a></li><li><a href="http://man.linuxde.net/ipcrm" title="ipcrm">ipcrm</a></li><li><a href="http://man.linuxde.net/openssl" title="openssl">openssl</a></li><li><a href="http://man.linuxde.net/chage" title="chage">chage</a></li>            </ul>
        </div>
        <div id="comments">
            <!-- You can start editing here. -->
        </div>
    </div>
    
<div class="sidebar">
    <div class="widget related">
        <div class="hd">
            <h3>相关命令</h3>
        </div>
        <div class="bd">
            <ul>
                            <li><a href="http://man.linuxde.net/php" title="php">php</a></li>
                <li><a href="http://man.linuxde.net/unprotoize" title="unprotoize">unprotoize</a></li>
                <li><a href="http://man.linuxde.net/nm" title="nm">nm</a></li>
                <li><a href="http://man.linuxde.net/gcov" title="gcov">gcov</a></li>
                <li><a href="http://man.linuxde.net/ldd" title="ldd">ldd</a></li>
                <li><a href="http://man.linuxde.net/protoize" title="protoize">protoize</a></li>
                <li><a href="http://man.linuxde.net/test" title="test">test</a></li>
                <li><a href="http://man.linuxde.net/indent" title="indent">indent</a></li>
                <li><a href="http://man.linuxde.net/mktemp" title="mktemp">mktemp</a></li>
                <li><a href="http://man.linuxde.net/perl" title="perl">perl</a></li>
                <li><a href="http://man.linuxde.net/as" title="as">as</a></li>
                <li><a href="http://man.linuxde.net/make" title="make">make</a></li>
                <li><a href="http://man.linuxde.net/objdump" title="objdump">objdump</a></li>
                <li><a href="http://man.linuxde.net/ld" title="ld">ld</a></li>
                <li><a href="http://man.linuxde.net/pstack" title="pstack">pstack</a></li>
                <li><a href="http://man.linuxde.net/ldconfig" title="ldconfig">ldconfig</a></li>
                <li><a href="http://man.linuxde.net/gcc" title="gcc">gcc</a></li>
                <li><a href="http://man.linuxde.net/expr" title="expr">expr</a></li>
                <li><a href="http://man.linuxde.net/readelf" title="readelf">readelf</a></li>
                </ul>
        </div>
    </div>
    <div id="fixedBox">
        <div id="float" class="dbox">
            <div class="sidebar_search_box">
                <form action="http://man.linuxde.net/">
                    <input type="text" name="s" id="sidebar_search" value="命令搜索" onFocus="if (value =='命令搜索'){value =''}" onBlur="if (value ==''){value='命令搜索'}" />
                </form>
                <form action="http://man.linuxde.net/" method="post">
                    <input type="text" name="ss" id="sidebar_search" value="命令直达" onFocus="if (value =='命令直达'){value =''}" onBlur="if (value ==''){value='命令直达'}" />
                </form>
            </div>
            <div class="widget ad"> 
				<!--
				<script type="text/javascript">
					document.write('<a style="display:none!important" id="tanx-a-mm_22964816_6616438_33736229"></a>');
					tanx_s = document.createElement("script");
					tanx_s.type = "text/javascript";
					tanx_s.charset = "gbk";
					tanx_s.id = "tanx-s-mm_22964816_6616438_33736229";
					tanx_s.async = true;
					tanx_s.src = "http://p.tanx.com/ex?i=mm_22964816_6616438_33736229";
					tanx_h = document.getElementsByTagName("head")[0];
					if(tanx_h)tanx_h.insertBefore(tanx_s,tanx_h.firstChild);
				</script>
				-->
				<a title="linux马克杯" href="http://man.linuxde.net/go.php?http://s.click.taobao.com/t?e=m%3D2%26s%3DbWlkMAz37zAcQipKwQzePDAVflQIoZepLKpWJ%2Bin0XJRAdhuF14FMdl7wKby%2Bc%2FExq3IhSJN6GSAAkUL03DNGUpamuccnq1qrmvEga4qAXJgE5NxN1hjMoxodiO%2Bbyu%2BIYULNg46oBA%3D" target="_blank"><img src="http://112.124.15.130/res/linuxde_man/images/s-ad.jpg" alt="linux马克杯"></a>
            </div>
        </div>
    </div>
</div>
</div>
</div>

<div class="layout layout_ft">
    <div class="footer">
        <div class="copyright">
            <a href="http://man.linuxde.net/" title="Linux命令大全">Linux命令大全</a>
            <em class="sx"></em>
            <a href="http://man.linuxde.net/about_us" title="关于">关于</a>
            <em class="sx"></em>
			收藏本站请使用Ctrl+D
			<em class="sx"></em>
			<a href="http://man.linuxde.net/shell-script" target="_blank">Shell脚本攻略</a>
			<em class="sx"></em>
			<a href="http://man.linuxde.net/docs/shell_regex.html" target="_blank">Shell正则表达式</a>
			<em class="sx"></em>
			共收录528条Linux系统指令
        </div>
        <div class="des">在Linux命令大全（man.linuxde.net）可以查询您所需要的Linux命令教程和相关实例。如果您觉得本站内容对您有所帮助，请推荐给更多需要帮助的人。</div>
        <div class="info">
		赞助商链接：<a href="http://www.1987.name/" target="_blank">组装电脑配置清单2017</a>,　运行在<a href="http://man.linuxde.net/go.php?http://s.click.taobao.com/t?e=m%3D2%26s%3DvTDIoAjlYzMcQipKwQzePCperVdZeJviEViQ0P1Vf2kguMN8XjClAhYdwmcpX19FpcfgoZBkhQKMhxXrDnK9L8ge8W1gUmbKFOH2PYQYfJNjOghCi4TzwOdn1BbglxZYxUhy8exlzcq9AmARIwX9K2Zg%2BdzdQFOwfMRvoxSVDSdLyrb2g0H2G5JcxXijM%2BwneEHpPTskRHknGN7svee8j7S4un6ZpbmpIYULNg46oBA%3D" target="_blank">阿里云服务器</a>！
		</div>
    </div>
</div>
</div>
<!--js-->
<script type="text/javascript" src="http://112.124.15.130/res/linuxde_man/js/sitejs.js"></script>
<script>window._bd_share_config={"common":{"bdSnsKey":{},"bdText":"","bdMini":"2","bdMiniList":false,"bdPic":"","bdStyle":"0","bdSize":"16"},"slide":{"type":"slide","bdImg":"3","bdPos":"right","bdTop":"100"}};with(document)0[(getElementsByTagName('head')[0]||body).appendChild(createElement('script')).src='http://bdimg.share.baidu.com/static/api/js/share.js?v=86835285.js?cdnversion='+~(-new Date()/36e5)];</script>
<div style="display:none"><script src="http://s17.cnzz.com/stat.php?id=5762282&web_id=5762282" language="JavaScript"></script></div>

<!--活动推广
<script type="text/javascript" src="http://112.124.15.130/res/ad/ad.js"></script>
<style type="text/css">
.ad-box{width:240px;height:277px;background:#CCC;position:fixed;right:-240px;bottom:10px;}
.ad-img{position:relative;overflow:hidden;}
.ad-close{width:30px;height:22px;line-height:22px;display:block;top:10px;right:10px;position:absolute;}
</style>
<div class="ad-box">
    <div class="ad-img">
        <a href="http://man.linuxde.net/go.php?http://s.click.taobao.com/t?e=m%3D2%26s%3DuGXlvKu7Iv4cQipKwQzePCperVdZeJviK7Vc7tFgwiFRAdhuF14FMZQUNi%2Bb4SgsMMgx22UI05aAAkUL03DNGT6XZIOJR7dCTAHi9HSRVmdzguIHwwNmQ6UuZxIcp9pfUIgVEmFmgnbDX0%2BHH2IEVaX4VWt66S4EJPwiig1bxLP9BvYCQR6XAr%2BKQ71wHNCAqP8YyUoZZlq4cXg3ii9waXPs9Sj9Qli1np4c65at3FeX3cwyLTlAhj2l4PysJx%2FP" target="_blank"><img src="http://112.124.15.130/res/ad/1111.jpg"></a>
        <a href="javascript:" class="ad-close">关闭</a>
    </div>
</div>
<!--推广结束-->

</body></html>